0 info it worked if it ends with ok
1 verbose cli [ '/usr/bin/node', '/usr/bin/npm', 'publish' ]
2 info using npm@3.5.2
3 info using node@v8.10.0
4 verbose publish [ '.' ]
5 silly cache add args [ '.', null ]
6 verbose cache add spec .
7 silly cache add parsed spec Result {
7 silly cache add   raw: '.',
7 silly cache add   scope: null,
7 silly cache add   name: null,
7 silly cache add   rawSpec: '.',
7 silly cache add   spec: '/home/fabio/fabio/drag-enable',
7 silly cache add   type: 'directory' }
8 verbose addLocalDirectory /home/fabio/.npm/drag-enable/1.0.4/package.tgz not in flight; packing
9 info lifecycle drag-enable@1.0.4~prepublish: drag-enable@1.0.4
10 silly lifecycle drag-enable@1.0.4~prepublish: no script for prepublish, continuing
11 verbose tar pack [ '/home/fabio/.npm/drag-enable/1.0.4/package.tgz',
11 verbose tar pack   '/home/fabio/fabio/drag-enable' ]
12 verbose tarball /home/fabio/.npm/drag-enable/1.0.4/package.tgz
13 verbose folder /home/fabio/fabio/drag-enable
14 verbose addLocalTarball adding from inside cache /home/fabio/.npm/drag-enable/1.0.4/package.tgz
15 silly cache afterAdd drag-enable@1.0.4
16 verbose afterAdd /home/fabio/.npm/drag-enable/1.0.4/package/package.json not in flight; writing
17 verbose afterAdd /home/fabio/.npm/drag-enable/1.0.4/package/package.json written
18 silly publish { name: 'drag-enable',
18 silly publish   version: '1.0.4',
18 silly publish   description: 'Enable drag element',
18 silly publish   main: 'dist/index.js',
18 silly publish   scripts:
18 silly publish    { test: 'echo "Error: no test specified" && exit 1',
18 silly publish      build: 'node node_modules/webpack/bin/webpack.js' },
18 silly publish   repository:
18 silly publish    { type: 'git',
18 silly publish      url: 'git+https://github.com/fabionogueira/drag-enable.git' },
18 silly publish   keywords: [ 'drag', 'drop', 'element' ],
18 silly publish   author: { name: 'Fabio Nogueira' },
18 silly publish   license: 'ISC',
18 silly publish   bugs: { url: 'https://github.com/fabionogueira/drag-enable/issues' },
18 silly publish   homepage: 'https://github.com/fabionogueira/drag-enable#readme',
18 silly publish   devDependencies:
18 silly publish    { babel: '^6.23.0',
18 silly publish      'babel-core': '^6.22.1',
18 silly publish      'babel-eslint': '^7.1.1',
18 silly publish      'babel-loader': '^7.1.2',
18 silly publish      'babel-preset-es2015': '^6.24.1',
18 silly publish      'uglifyjs-webpack-plugin': '^1.1.8',
18 silly publish      webpack: '^3.11.0' },
18 silly publish   readme: '# drag-enable\nEnable drag element\n',
18 silly publish   readmeFilename: 'README.md',
18 silly publish   gitHead: '7838de2a5763767006577e9504d8cc73a90a9c04',
18 silly publish   _id: 'drag-enable@1.0.4',
18 silly publish   _shasum: '0c23d851e0f24f1f73b413f45ede33c8adede4ac',
18 silly publish   _from: '.' }
19 verbose getPublishConfig undefined
20 silly mapToRegistry name drag-enable
21 silly mapToRegistry using default registry
22 silly mapToRegistry registry https://registry.npmjs.org/
23 silly mapToRegistry uri https://registry.npmjs.org/drag-enable
24 verbose publish registryBase https://registry.npmjs.org/
25 silly publish uploading /home/fabio/.npm/drag-enable/1.0.4/package.tgz
26 verbose request uri https://registry.npmjs.org/drag-enable
27 verbose request sending authorization for write operation
28 info attempt registry request try #1 at 11:32:27
29 verbose request using bearer token for auth
30 verbose request id a8d4322eaa81bd3a
31 http request PUT https://registry.npmjs.org/drag-enable
32 http 403 https://registry.npmjs.org/drag-enable
33 verbose headers { date: 'Fri, 05 Oct 2018 14:32:28 GMT',
33 verbose headers   'content-type': 'application/json',
33 verbose headers   'transfer-encoding': 'chunked',
33 verbose headers   connection: 'keep-alive',
33 verbose headers   'set-cookie':
33 verbose headers    [ '__cfduid=dc9c1d83f03ccdbe1465c218e6127365a1538749947; expires=Sat, 05-Oct-19 14:32:27 GMT; path=/; domain=.registry.npmjs.org; HttpOnly' ],
33 verbose headers   'cf-ray': '4650990379db4bb1-GRU',
33 verbose headers   'expect-ct': 'max-age=604800, report-uri="https://report-uri.cloudflare.com/cdn-cgi/beacon/expect-ct"',
33 verbose headers   vary: 'Accept-Encoding',
33 verbose headers   server: 'cloudflare',
33 verbose headers   'content-encoding': 'gzip' }
34 verbose request invalidating /home/fabio/.npm/registry.npmjs.org/drag-enable on PUT
35 error publish Failed PUT 403
36 verbose stack Error: You cannot publish over the previously published versions: 1.0.4. : drag-enable
36 verbose stack     at makeError (/usr/share/npm/node_modules/npm-registry-client/lib/request.js:264:12)
36 verbose stack     at CachingRegistryClient.<anonymous> (/usr/share/npm/node_modules/npm-registry-client/lib/request.js:252:14)
36 verbose stack     at /usr/share/npm/node_modules/npm-registry-client/lib/request.js:178:7
36 verbose stack     at Gunzip.onEnd (zlib.js:131:5)
36 verbose stack     at emitNone (events.js:111:20)
36 verbose stack     at Gunzip.emit (events.js:208:7)
36 verbose stack     at endReadableNT (_stream_readable.js:1064:12)
36 verbose stack     at _combinedTickCallback (internal/process/next_tick.js:138:11)
36 verbose stack     at process._tickCallback (internal/process/next_tick.js:180:9)
37 verbose statusCode 403
38 verbose pkgid drag-enable
39 verbose cwd /home/fabio/fabio/drag-enable
40 error Linux 4.15.0-36-generic
41 error argv "/usr/bin/node" "/usr/bin/npm" "publish"
42 error node v8.10.0
43 error npm  v3.5.2
44 error code E403
45 error You cannot publish over the previously published versions: 1.0.4. : drag-enable
46 error If you need help, you may report this error at:
46 error     <https://github.com/npm/npm/issues>
47 verbose exit [ 1, true ]
